-------------------------------------------------------------------------------
Test set: DAO.PointDAOTest
-------------------------------------------------------------------------------
Tests run: 13, Failures: 2, Errors: 0, Skipped: 0, Time elapsed: 0.475 sec <<< FAILURE! - in DAO.PointDAOTest
testEditPointWithPointNegativeInteger(DAO.PointDAOTest)  Time elapsed: 0.006 sec  <<< FAILURE!
java.lang.AssertionError: expected:<false> but was:<true>
	at DAO.PointDAOTest.testEditPointWithPointNegativeInteger(PointDAOTest.java:155)

testEditPointWithPointExceeding(DAO.PointDAOTest)  Time elapsed: 0.001 sec  <<< FAILURE!
java.lang.AssertionError: expected:<false> but was:<true>
	at DAO.PointDAOTest.testEditPointWithPointExceeding(PointDAOTest.java:144)

