-------------------------------------------------------------------------------
Test set: DAO.StudentDAOTest
-------------------------------------------------------------------------------
Tests run: 10, Failures: 1, Errors: 0, Skipped: 0, Time elapsed: 0.014 sec <<< FAILURE! - in DAO.StudentDAOTest
testGetListStudentByIdUserSuccess(DAO.StudentDAOTest)  Time elapsed: 0.005 sec  <<< FAILURE!
org.junit.ComparisonFailure: expected:<...oint=Point{id=1, CC=[10.0,TP1=9.0,TP2=10.0, DT=8].0}}, BangDiem{stude...> but was:<...oint=Point{id=1, CC=[9.0,TP1=10.0,TP2=10.0, DT=9].0}}, BangDiem{stude...>
	at DAO.StudentDAOTest.testGetListStudentByIdUserSuccess(StudentDAOTest.java:96)

