-------------------------------------------------------------------------------
Test set: entities.PhanTramDiemTest
-------------------------------------------------------------------------------
Tests run: 14, Failures: 14, Errors: 0, Skipped: 0, Time elapsed: 0.121 sec <<< FAILURE! - in entities.PhanTramDiemTest
testGetPhantramTP1(entities.PhanTramDiemTest)  Time elapsed: 0.007 sec  <<< FAILURE!
java.lang.AssertionError: The test case is a prototype.
	at entities.PhanTramDiemTest.testGetPhantramTP1(PhanTramDiemTest.java:143)

testGetPhantramTP2(entities.PhanTramDiemTest)  Time elapsed: 0 sec  <<< FAILURE!
java.lang.AssertionError: The test case is a prototype.
	at entities.PhanTramDiemTest.testGetPhantramTP2(PhanTramDiemTest.java:170)

testSetPhantramCC(entities.PhanTramDiemTest)  Time elapsed: 0 sec  <<< FAILURE!
java.lang.AssertionError: The test case is a prototype.
	at entities.PhanTramDiemTest.testSetPhantramCC(PhanTramDiemTest.java:119)

testSetPhantramDT(entities.PhanTramDiemTest)  Time elapsed: 0 sec  <<< FAILURE!
java.lang.AssertionError: The test case is a prototype.
	at entities.PhanTramDiemTest.testSetPhantramDT(PhanTramDiemTest.java:210)

testGetIdSubject(entities.PhanTramDiemTest)  Time elapsed: 0.001 sec  <<< FAILURE!
java.lang.AssertionError: expected:<> but was:<null>
	at entities.PhanTramDiemTest.testGetIdSubject(PhanTramDiemTest.java:77)

testSetPhantramCCWithNegative(entities.PhanTramDiemTest)  Time elapsed: 0.061 sec  <<< FAILURE!
org.opentest4j.AssertionFailedError: Expected java.lang.Exception to be thrown, but nothing was thrown.
	at entities.PhanTramDiemTest.testSetPhantramCCWithNegative(PhanTramDiemTest.java:128)

testGetId(entities.PhanTramDiemTest)  Time elapsed: 0 sec  <<< FAILURE!
java.lang.AssertionError: expected:<> but was:<null>
	at entities.PhanTramDiemTest.testGetId(PhanTramDiemTest.java:50)

testSetId(entities.PhanTramDiemTest)  Time elapsed: 0.001 sec  <<< FAILURE!
java.lang.AssertionError: The test case is a prototype.
	at entities.PhanTramDiemTest.testSetId(PhanTramDiemTest.java:65)

testToString(entities.PhanTramDiemTest)  Time elapsed: 0.002 sec  <<< FAILURE!
org.junit.ComparisonFailure: expected:<[]> but was:<[PhanTramDiem{id=null, IdSubject=null, phantramCC=null, phantramTP1=null, phantramTP2=null, phantramDT=null}]>
	at entities.PhanTramDiemTest.testToString(PhanTramDiemTest.java:222)

testSetIdSubject(entities.PhanTramDiemTest)  Time elapsed: 0.001 sec  <<< FAILURE!
java.lang.AssertionError: The test case is a prototype.
	at entities.PhanTramDiemTest.testSetIdSubject(PhanTramDiemTest.java:92)

testSetPhantramTP1(entities.PhanTramDiemTest)  Time elapsed: 0 sec  <<< FAILURE!
java.lang.AssertionError: The test case is a prototype.
	at entities.PhanTramDiemTest.testSetPhantramTP1(PhanTramDiemTest.java:156)

testSetPhantramTP2(entities.PhanTramDiemTest)  Time elapsed: 0 sec  <<< FAILURE!
java.lang.AssertionError: The test case is a prototype.
	at entities.PhanTramDiemTest.testSetPhantramTP2(PhanTramDiemTest.java:183)

testGetPhantramCC(entities.PhanTramDiemTest)  Time elapsed: 0 sec  <<< FAILURE!
java.lang.AssertionError: The test case is a prototype.
	at entities.PhanTramDiemTest.testGetPhantramCC(PhanTramDiemTest.java:106)

testGetPhantramDT(entities.PhanTramDiemTest)  Time elapsed: 0 sec  <<< FAILURE!
java.lang.AssertionError: The test case is a prototype.
	at entities.PhanTramDiemTest.testGetPhantramDT(PhanTramDiemTest.java:197)

