<?xml version="1.0" encoding="UTF-8" ?>
<testsuite tests="7" failures="0" name="DAO.UserDAOTest" time="0.45" errors="0" skipped="0">
  <properties>
[...]
</properties>
  <testcase classname="DAO.UserDAOTest" name="DAO.UserDAOTest.testCheckLoginSuccess" time="0.446"/>
  <testcase classname="DAO.UserDAOTest" name="DAO.UserDAOTest.testGetUserByIdSuccess" time="0"/>
  <testcase classname="DAO.UserDAOTest" name="DAO.UserDAOTest.testGetUserByIdFail" time="0"/>
  <testcase classname="DAO.UserDAOTest" name="DAO.UserDAOTest.testGetUserByUsernameSuccess" time="0.001"/>
  <testcase classname="DAO.UserDAOTest" name="DAO.UserDAOTest.testGetUserByUsernameFail" time="0.002"/>
  <testcase classname="DAO.UserDAOTest" name="DAO.UserDAOTest.testCheckLoginFail" time="0.001"/>
  <testcase classname="DAO.UserDAOTest" name="DAO.UserDAOTest.testDeleteUser" time="0"/>
</testsuite>