<?xml version="1.0" encoding="UTF-8"?>
<testsuite xmlns:xsi="http://www.w3.org/2001/XMLSchema-instance" xsi:schemaLocation="https://maven.apache.org/surefire/maven-surefire-plugin/xsd/surefire-test-report.xsd" name="entities.PhanTramDiemTest" time="0.121" tests="14" errors="0" skipped="0" failures="14">
  <properties>
[...]
</properties>
  <testcase name="testGetPhantramTP1" classname="entities.PhanTramDiemTest" time="0.007">
    <failure message="The test case is a prototype." type="java.lang.AssertionError">java.lang.AssertionError: The test case is a prototype.
	at entities.PhanTramDiemTest.testGetPhantramTP1(PhanTramDiemTest.java:143)
</failure>
    <system-out><![CDATA[getPhantramTP1
]]></system-out>
  </testcase>
  <testcase name="testGetPhantramTP2" classname="entities.PhanTramDiemTest" time="0">
    <failure message="The test case is a prototype." type="java.lang.AssertionError">java.lang.AssertionError: The test case is a prototype.
	at entities.PhanTramDiemTest.testGetPhantramTP2(PhanTramDiemTest.java:170)
</failure>
    <system-out><![CDATA[getPhantramTP2
]]></system-out>
  </testcase>
  <testcase name="testSetPhantramCC" classname="entities.PhanTramDiemTest" time="0">
    <failure message="The test case is a prototype." type="java.lang.AssertionError">java.lang.AssertionError: The test case is a prototype.
	at entities.PhanTramDiemTest.testSetPhantramCC(PhanTramDiemTest.java:119)
</failure>
    <system-out><![CDATA[setPhantramCC
]]></system-out>
  </testcase>
  <testcase name="testSetPhantramDT" classname="entities.PhanTramDiemTest" time="0">
    <failure message="The test case is a prototype." type="java.lang.AssertionError">java.lang.AssertionError: The test case is a prototype.
	at entities.PhanTramDiemTest.testSetPhantramDT(PhanTramDiemTest.java:210)
</failure>
    <system-out><![CDATA[setPhantramDT
]]></system-out>
  </testcase>
  <testcase name="testGetIdSubject" classname="entities.PhanTramDiemTest" time="0.001">
    <failure message="expected:&lt;&gt; but was:&lt;null&gt;" type="java.lang.AssertionError"><![CDATA[java.lang.AssertionError: expected:<> but was:<null>
	at entities.PhanTramDiemTest.testGetIdSubject(PhanTramDiemTest.java:77)
]]></failure>
    <system-out><![CDATA[getIdSubject
]]></system-out>
  </testcase>
  <testcase name="testSetPhantramCCWithNegative" classname="entities.PhanTramDiemTest" time="0.061">
    <failure message="Expected java.lang.Exception to be thrown, but nothing was thrown." type="org.opentest4j.AssertionFailedError">org.opentest4j.AssertionFailedError: Expected java.lang.Exception to be thrown, but nothing was thrown.
	at entities.PhanTramDiemTest.testSetPhantramCCWithNegative(PhanTramDiemTest.java:128)
</failure>
  </testcase>
  <testcase name="testGetId" classname="entities.PhanTramDiemTest" time="0">
    <failure message="expected:&lt;&gt; but was:&lt;null&gt;" type="java.lang.AssertionError"><![CDATA[java.lang.AssertionError: expected:<> but was:<null>
	at entities.PhanTramDiemTest.testGetId(PhanTramDiemTest.java:50)
]]></failure>
    <system-out><![CDATA[getId
]]></system-out>
  </testcase>
  <testcase name="testSetId" classname="entities.PhanTramDiemTest" time="0.001">
    <failure message="The test case is a prototype." type="java.lang.AssertionError">java.lang.AssertionError: The test case is a prototype.
	at entities.PhanTramDiemTest.testSetId(PhanTramDiemTest.java:65)
</failure>
    <system-out><![CDATA[setId
]]></system-out>
  </testcase>
  <testcase name="testToString" classname="entities.PhanTramDiemTest" time="0.002">
    <failure message="expected:&lt;[]&gt; but was:&lt;[PhanTramDiem{id=null, IdSubject=null, phantramCC=null, phantramTP1=null, phantramTP2=null, phantramDT=null}]&gt;" type="org.junit.ComparisonFailure"><![CDATA[org.junit.ComparisonFailure: expected:<[]> but was:<[PhanTramDiem{id=null, IdSubject=null, phantramCC=null, phantramTP1=null, phantramTP2=null, phantramDT=null}]>
	at entities.PhanTramDiemTest.testToString(PhanTramDiemTest.java:222)
]]></failure>
    <system-out><![CDATA[toString
]]></system-out>
  </testcase>
  <testcase name="testSetIdSubject" classname="entities.PhanTramDiemTest" time="0.001">
    <failure message="The test case is a prototype." type="java.lang.AssertionError">java.lang.AssertionError: The test case is a prototype.
	at entities.PhanTramDiemTest.testSetIdSubject(PhanTramDiemTest.java:92)
</failure>
    <system-out><![CDATA[setIdSubject
]]></system-out>
  </testcase>
  <testcase name="testSetPhantramTP1" classname="entities.PhanTramDiemTest" time="0">
    <failure message="The test case is a prototype." type="java.lang.AssertionError">java.lang.AssertionError: The test case is a prototype.
	at entities.PhanTramDiemTest.testSetPhantramTP1(PhanTramDiemTest.java:156)
</failure>
    <system-out><![CDATA[setPhantramTP1
]]></system-out>
  </testcase>
  <testcase name="testSetPhantramTP2" classname="entities.PhanTramDiemTest" time="0">
    <failure message="The test case is a prototype." type="java.lang.AssertionError">java.lang.AssertionError: The test case is a prototype.
	at entities.PhanTramDiemTest.testSetPhantramTP2(PhanTramDiemTest.java:183)
</failure>
    <system-out><![CDATA[setPhantramTP2
]]></system-out>
  </testcase>
  <testcase name="testGetPhantramCC" classname="entities.PhanTramDiemTest" time="0">
    <failure message="The test case is a prototype." type="java.lang.AssertionError">java.lang.AssertionError: The test case is a prototype.
	at entities.PhanTramDiemTest.testGetPhantramCC(PhanTramDiemTest.java:106)
</failure>
    <system-out><![CDATA[getPhantramCC
]]></system-out>
  </testcase>
  <testcase name="testGetPhantramDT" classname="entities.PhanTramDiemTest" time="0">
    <failure message="The test case is a prototype." type="java.lang.AssertionError">java.lang.AssertionError: The test case is a prototype.
	at entities.PhanTramDiemTest.testGetPhantramDT(PhanTramDiemTest.java:197)
</failure>
    <system-out><![CDATA[getPhantramDT
]]></system-out>
  </testcase>
</testsuite>