<?xml version="1.0" encoding="UTF-8"?>
<testsuite xmlns:xsi="http://www.w3.org/2001/XMLSchema-instance" xsi:schemaLocation="https://maven.apache.org/surefire/maven-surefire-plugin/xsd/surefire-test-report.xsd" name="entities.PhanTramDiemTest" time="0.121" tests="14" errors="0" skipped="0" failures="14">
  <properties>
    <property name="java.runtime.name" value="Java(TM) SE Runtime Environment"/>
    <property name="sun.boot.library.path" value="C:\Program Files\Java\jdk1.8.0_231\jre\bin"/>
    <property name="java.vm.version" value="25.231-b11"/>
    <property name="java.vm.vendor" value="Oracle Corporation"/>
    <property name="maven.multiModuleProjectDirectory" value="D:\4_K2\SQA\code\Test\SQA_QLDT"/>
    <property name="java.vendor.url" value="http://java.oracle.com/"/>
    <property name="path.separator" value=";"/>
    <property name="guice.disable.misplaced.annotation.check" value="true"/>
    <property name="java.vm.name" value="Java HotSpot(TM) 64-Bit Server VM"/>
    <property name="file.encoding.pkg" value="sun.io"/>
    <property name="user.script" value=""/>
    <property name="user.country" value="US"/>
    <property name="sun.java.launcher" value="SUN_STANDARD"/>
    <property name="sun.os.patch.level" value=""/>
    <property name="test" value="entities.PhanTramDiemTest"/>
    <property name="java.vm.specification.name" value="Java Virtual Machine Specification"/>
    <property name="user.dir" value="D:\4_K2\SQA\code\Test\SQA_QLDT"/>
    <property name="java.runtime.version" value="1.8.0_231-b11"/>
    <property name="java.awt.graphicsenv" value="sun.awt.Win32GraphicsEnvironment"/>
    <property name="java.endorsed.dirs" value="C:\Program Files\Java\jdk1.8.0_231\jre\lib\endorsed"/>
    <property name="os.arch" value="amd64"/>
    <property name="java.io.tmpdir" value="C:\Users\BENHVI~1\AppData\Local\Temp\"/>
    <property name="line.separator" value="&#10;"/>
    <property name="java.vm.specification.vendor" value="Oracle Corporation"/>
    <property name="user.variant" value=""/>
    <property name="os.name" value="Windows 10"/>
    <property name="maven.ext.class.path" value="E:\IDE\Apache\NetBeans-12.1\netbeans\java\maven-nblib\netbeans-eventspy.jar"/>
    <property name="classworlds.conf" value="E:\IDE\Apache\NetBeans-12.1\netbeans\java\maven\bin\..\bin\m2.conf"/>
    <property name="sun.jnu.encoding" value="Cp1252"/>
    <property name="java.library.path" value="C:\Program Files\Java\jdk1.8.0_231\bin;C:\WINDOWS\Sun\Java\bin;C:\WINDOWS\system32;C:\WINDOWS;E:\IDE\Python\Scripts\;E:\IDE\Python\;C:\Program Files (x86)\Common Files\Oracle\Java\javapath;C:\Windows\system32;C:\Windows;C:\Windows\System32\Wbem;C:\Windows\System32\WindowsPowerShell\v1.0\;C:\Windows\System32\OpenSSH\;C:\Program Files (x86)\NVIDIA Corporation\PhysX\Common;C:\Program Files\Git\cmd;C:\Program Files\Intel\WiFi\bin\;C:\Program Files\Common Files\Intel\WirelessCommon\;C:\WINDOWS\system32;C:\WINDOWS;C:\WINDOWS\System32\Wbem;C:\WINDOWS\System32\WindowsPowerShell\v1.0\;C:\WINDOWS\System32\OpenSSH\;C:\Program Files\Microsoft SQL Server\Client SDK\ODBC\170\Tools\Binn\;C:\Program Files (x86)\Microsoft SQL Server\150\Tools\Binn\;C:\Program Files\Microsoft SQL Server\150\Tools\Binn\;C:\Program Files\Microsoft SQL Server\150\DTS\Binn\;C:\Program Files (x86)\Microsoft SQL Server\150\DTS\Binn\;C:\Program Files\Azure Data Studio\bin;E:\Tool\NodeJS\;C:\Program Files (x86)\ZeroTier\One\;C:\Tools and technologies used\IDE\apache-maven-3.6.0\bin;E:\IDE\Python;D:\Python\Scripts\;D:\Python\;D:\Scripts\;D:\;C:\Users\BENH VIEN CONG NGHE\AppData\Local\Microsoft\WindowsApps;;C:\Users\BENH VIEN CONG NGHE\AppData\Local\Programs\Microsoft VS Code\bin;C:\Program Files\JetBrains\IntelliJ IDEA Community Edition 2020.2.1\bin;;C:\Program Files\Azure Data Studio\bin;C:\Program Files\Azure Data Studio\bin;C:\Users\BENH VIEN CONG NGHE\AppData\Roaming\npm;."/>
    <property name="maven.conf" value="E:\IDE\Apache\NetBeans-12.1\netbeans\java\maven\bin\../conf"/>
    <property name="java.specification.name" value="Java Platform API Specification"/>
    <property name="java.class.version" value="52.0"/>
    <property name="sun.management.compiler" value="HotSpot 64-Bit Tiered Compilers"/>
    <property name="os.version" value="10.0"/>
    <property name="library.jansi.path" value="E:\IDE\Apache\NetBeans-12.1\netbeans\java\maven\bin\..\lib\jansi-native"/>
    <property name="user.home" value="C:\Users\BENH VIEN CONG NGHE"/>
    <property name="user.timezone" value="Asia/Bangkok"/>
    <property name="java.awt.printerjob" value="sun.awt.windows.WPrinterJob"/>
    <property name="java.specification.version" value="1.8"/>
    <property name="file.encoding" value="UTF-8"/>
    <property name="user.name" value="BENH VIEN CONG NGHE"/>
    <property name="java.class.path" value="E:\IDE\Apache\NetBeans-12.1\netbeans\java\maven\bin\..\boot\plexus-classworlds-2.6.0.jar"/>
    <property name="java.vm.specification.version" value="1.8"/>
    <property name="sun.arch.data.model" value="64"/>
    <property name="java.home" value="C:\Program Files\Java\jdk1.8.0_231\jre"/>
    <property name="sun.java.command" value="org.codehaus.plexus.classworlds.launcher.Launcher -Dtest=entities.PhanTramDiemTest -Dmaven.ext.class.path=E:\IDE\Apache\NetBeans-12.1\netbeans\java\maven-nblib\netbeans-eventspy.jar -Dfile.encoding=UTF-8 surefire:test"/>
    <property name="java.specification.vendor" value="Oracle Corporation"/>
    <property name="user.language" value="en"/>
    <property name="awt.toolkit" value="sun.awt.windows.WToolkit"/>
    <property name="java.vm.info" value="mixed mode"/>
    <property name="java.version" value="1.8.0_231"/>
    <property name="java.ext.dirs" value="C:\Program Files\Java\jdk1.8.0_231\jre\lib\ext;C:\WINDOWS\Sun\Java\lib\ext"/>
    <property name="sun.boot.class.path" value="C:\Program Files\Java\jdk1.8.0_231\jre\lib\resources.jar;C:\Program Files\Java\jdk1.8.0_231\jre\lib\rt.jar;C:\Program Files\Java\jdk1.8.0_231\jre\lib\sunrsasign.jar;C:\Program Files\Java\jdk1.8.0_231\jre\lib\jsse.jar;C:\Program Files\Java\jdk1.8.0_231\jre\lib\jce.jar;C:\Program Files\Java\jdk1.8.0_231\jre\lib\charsets.jar;C:\Program Files\Java\jdk1.8.0_231\jre\lib\jfr.jar;C:\Program Files\Java\jdk1.8.0_231\jre\classes"/>
    <property name="java.vendor" value="Oracle Corporation"/>
    <property name="maven.home" value="E:\IDE\Apache\NetBeans-12.1\netbeans\java\maven\bin\.."/>
    <property name="file.separator" value="\"/>
    <property name="java.vendor.url.bug" value="http://bugreport.sun.com/bugreport/"/>
    <property name="sun.cpu.endian" value="little"/>
    <property name="sun.io.unicode.encoding" value="UnicodeLittle"/>
    <property name="sun.desktop" value="windows"/>
    <property name="sun.cpu.isalist" value="amd64"/>
  </properties>
  <testcase name="testGetPhantramTP1" classname="entities.PhanTramDiemTest" time="0.007">
    <failure message="The test case is a prototype." type="java.lang.AssertionError">java.lang.AssertionError: The test case is a prototype.
	at entities.PhanTramDiemTest.testGetPhantramTP1(PhanTramDiemTest.java:143)
</failure>
    <system-out><![CDATA[getPhantramTP1
]]></system-out>
  </testcase>
  <testcase name="testGetPhantramTP2" classname="entities.PhanTramDiemTest" time="0">
    <failure message="The test case is a prototype." type="java.lang.AssertionError">java.lang.AssertionError: The test case is a prototype.
	at entities.PhanTramDiemTest.testGetPhantramTP2(PhanTramDiemTest.java:170)
</failure>
    <system-out><![CDATA[getPhantramTP2
]]></system-out>
  </testcase>
  <testcase name="testSetPhantramCC" classname="entities.PhanTramDiemTest" time="0">
    <failure message="The test case is a prototype." type="java.lang.AssertionError">java.lang.AssertionError: The test case is a prototype.
	at entities.PhanTramDiemTest.testSetPhantramCC(PhanTramDiemTest.java:119)
</failure>
    <system-out><![CDATA[setPhantramCC
]]></system-out>
  </testcase>
  <testcase name="testSetPhantramDT" classname="entities.PhanTramDiemTest" time="0">
    <failure message="The test case is a prototype." type="java.lang.AssertionError">java.lang.AssertionError: The test case is a prototype.
	at entities.PhanTramDiemTest.testSetPhantramDT(PhanTramDiemTest.java:210)
</failure>
    <system-out><![CDATA[setPhantramDT
]]></system-out>
  </testcase>
  <testcase name="testGetIdSubject" classname="entities.PhanTramDiemTest" time="0.001">
    <failure message="expected:&lt;&gt; but was:&lt;null&gt;" type="java.lang.AssertionError"><![CDATA[java.lang.AssertionError: expected:<> but was:<null>
	at entities.PhanTramDiemTest.testGetIdSubject(PhanTramDiemTest.java:77)
]]></failure>
    <system-out><![CDATA[getIdSubject
]]></system-out>
  </testcase>
  <testcase name="testSetPhantramCCWithNegative" classname="entities.PhanTramDiemTest" time="0.061">
    <failure message="Expected java.lang.Exception to be thrown, but nothing was thrown." type="org.opentest4j.AssertionFailedError">org.opentest4j.AssertionFailedError: Expected java.lang.Exception to be thrown, but nothing was thrown.
	at entities.PhanTramDiemTest.testSetPhantramCCWithNegative(PhanTramDiemTest.java:128)
</failure>
  </testcase>
  <testcase name="testGetId" classname="entities.PhanTramDiemTest" time="0">
    <failure message="expected:&lt;&gt; but was:&lt;null&gt;" type="java.lang.AssertionError"><![CDATA[java.lang.AssertionError: expected:<> but was:<null>
	at entities.PhanTramDiemTest.testGetId(PhanTramDiemTest.java:50)
]]></failure>
    <system-out><![CDATA[getId
]]></system-out>
  </testcase>
  <testcase name="testSetId" classname="entities.PhanTramDiemTest" time="0.001">
    <failure message="The test case is a prototype." type="java.lang.AssertionError">java.lang.AssertionError: The test case is a prototype.
	at entities.PhanTramDiemTest.testSetId(PhanTramDiemTest.java:65)
</failure>
    <system-out><![CDATA[setId
]]></system-out>
  </testcase>
  <testcase name="testToString" classname="entities.PhanTramDiemTest" time="0.002">
    <failure message="expected:&lt;[]&gt; but was:&lt;[PhanTramDiem{id=null, IdSubject=null, phantramCC=null, phantramTP1=null, phantramTP2=null, phantramDT=null}]&gt;" type="org.junit.ComparisonFailure"><![CDATA[org.junit.ComparisonFailure: expected:<[]> but was:<[PhanTramDiem{id=null, IdSubject=null, phantramCC=null, phantramTP1=null, phantramTP2=null, phantramDT=null}]>
	at entities.PhanTramDiemTest.testToString(PhanTramDiemTest.java:222)
]]></failure>
    <system-out><![CDATA[toString
]]></system-out>
  </testcase>
  <testcase name="testSetIdSubject" classname="entities.PhanTramDiemTest" time="0.001">
    <failure message="The test case is a prototype." type="java.lang.AssertionError">java.lang.AssertionError: The test case is a prototype.
	at entities.PhanTramDiemTest.testSetIdSubject(PhanTramDiemTest.java:92)
</failure>
    <system-out><![CDATA[setIdSubject
]]></system-out>
  </testcase>
  <testcase name="testSetPhantramTP1" classname="entities.PhanTramDiemTest" time="0">
    <failure message="The test case is a prototype." type="java.lang.AssertionError">java.lang.AssertionError: The test case is a prototype.
	at entities.PhanTramDiemTest.testSetPhantramTP1(PhanTramDiemTest.java:156)
</failure>
    <system-out><![CDATA[setPhantramTP1
]]></system-out>
  </testcase>
  <testcase name="testSetPhantramTP2" classname="entities.PhanTramDiemTest" time="0">
    <failure message="The test case is a prototype." type="java.lang.AssertionError">java.lang.AssertionError: The test case is a prototype.
	at entities.PhanTramDiemTest.testSetPhantramTP2(PhanTramDiemTest.java:183)
</failure>
    <system-out><![CDATA[setPhantramTP2
]]></system-out>
  </testcase>
  <testcase name="testGetPhantramCC" classname="entities.PhanTramDiemTest" time="0">
    <failure message="The test case is a prototype." type="java.lang.AssertionError">java.lang.AssertionError: The test case is a prototype.
	at entities.PhanTramDiemTest.testGetPhantramCC(PhanTramDiemTest.java:106)
</failure>
    <system-out><![CDATA[getPhantramCC
]]></system-out>
  </testcase>
  <testcase name="testGetPhantramDT" classname="entities.PhanTramDiemTest" time="0">
    <failure message="The test case is a prototype." type="java.lang.AssertionError">java.lang.AssertionError: The test case is a prototype.
	at entities.PhanTramDiemTest.testGetPhantramDT(PhanTramDiemTest.java:197)
</failure>
    <system-out><![CDATA[getPhantramDT
]]></system-out>
  </testcase>
</testsuite>