<?xml version="1.0" encoding="UTF-8"?>
<testsuite xmlns:xsi="http://www.w3.org/2001/XMLSchema-instance" xsi:schemaLocation="https://maven.apache.org/surefire/maven-surefire-plugin/xsd/surefire-test-report.xsd" name="DAO.TeacherDAOTest" time="0.213" tests="3" errors="0" skipped="0" failures="0">
  <properties>
[...]
</properties>
  <testcase name="testGetTeacherByUserIDEmptyId" classname="DAO.TeacherDAOTest" time="0.001"/>
  <testcase name="testGetTeacherByUserIDWrongId" classname="DAO.TeacherDAOTest" time="0.212"/>
  <testcase name="testGetTeacherByUserIDSuccess" classname="DAO.TeacherDAOTest" time="0"/>
</testsuite>