<?xml version="1.0" encoding="UTF-8"?>
<testsuite xmlns:xsi="http://www.w3.org/2001/XMLSchema-instance" xsi:schemaLocation="https://maven.apache.org/surefire/maven-surefire-plugin/xsd/surefire-test-report.xsd" name="DAO.ClassicDAOTest" time="0.802" tests="12" errors="0" skipped="0" failures="0">
  <properties>
[...]
</properties>
  <testcase name="testGetListClassicByIdSubjectSuccessWithIdEmpty" classname="DAO.ClassicDAOTest" time="0.708"/>
  <testcase name="testGetIDClassByNameSuccessWithIdNullTime" classname="DAO.ClassicDAOTest" time="0"/>
  <testcase name="testGetListClassicByIdSubjectSuccessWithIdInValid" classname="DAO.ClassicDAOTest" time="0.001"/>
  <testcase name="testGetIDClassByNameSuccessWithIdEmptyTime" classname="DAO.ClassicDAOTest" time="0.001"/>
  <testcase name="testGetIDClassByNameSuccessWithIdEmptyIDSub" classname="DAO.ClassicDAOTest" time="0.002"/>
  <testcase name="testGetIDClassByNameSuccessWithIdNullIDSubAndTime" classname="DAO.ClassicDAOTest" time="0.002"/>
  <testcase name="testGetListClassicByIdSubjectSuccess" classname="DAO.ClassicDAOTest" time="0.024"/>
  <testcase name="testGetListClassicByIdSubjectSuccessWithIdNull" classname="DAO.ClassicDAOTest" time="0.001"/>
  <testcase name="testGetIDClassByNameSuccessWithIdInValid" classname="DAO.ClassicDAOTest" time="0.001"/>
  <testcase name="testGetIDClassByNameSuccessWithIdNullIDSub" classname="DAO.ClassicDAOTest" time="0.002"/>
  <testcase name="testGetIDClassByNameSuccessWithIdEmptyIDSubAndTime" classname="DAO.ClassicDAOTest" time="0.001"/>
  <testcase name="testGetIDClassByNameSuccess" classname="DAO.ClassicDAOTest" time="0.002"/>
</testsuite>